This is pdfTeX, Version 3.14159265-2.6-1.40.21 (MiKTeX 20.6.29) (preloaded format=pdflatex 2020.9.1)  19 MAR 2021 14:44
entering extended mode
**./depthpredict.tex
(depthpredict.tex
LaTeX2e <2020-02-02> patch level 5
L3 programming layer <2020-06-18>
(C:\Users\sride\AppData\Local\Programs\MiKTeX\tex/latex/base\article.cls
Document Class: article 2019/12/20 v1.4l Standard LaTeX document class
(C:\Users\sride\AppData\Local\Programs\MiKTeX\tex/latex/base\size10.clo
File: size10.clo 2019/12/20 v1.4l Standard LaTeX file (size option)
)
\c@part=\count167
\c@section=\count168
\c@subsection=\count169
\c@subsubsection=\count170
\c@paragraph=\count171
\c@subparagraph=\count172
\c@figure=\count173
\c@table=\count174
\abovecaptionskip=\skip47
\belowcaptionskip=\skip48
\bibindent=\dimen134
)
(C:\Users\sride\AppData\Local\Programs\MiKTeX\tex/latex/multirow\multirow.sty
Package: multirow 2019/05/31 v2.5 Span multiple rows of a table
\multirow@colwidth=\skip49
\multirow@cntb=\count175
\multirow@dima=\skip50
\bigstrutjot=\dimen135
)
(C:\Users\sride\AppData\Local\Programs\MiKTeX\tex/latex/caption\subcaption.sty
Package: subcaption 2020/10/07 v1.3j Sub-captions (AR)

(C:\Users\sride\AppData\Local\Programs\MiKTeX\tex/latex/caption\caption.sty
Package: caption 2020/10/26 v3.5g Customizing captions (AR)

(C:\Users\sride\AppData\Local\Programs\MiKTeX\tex/latex/caption\caption3.sty
Package: caption3 2020/10/21 v2.2e caption3 kernel (AR)

(C:\Users\sride\AppData\Local\Programs\MiKTeX\tex/latex/graphics\keyval.sty
Package: keyval 2014/10/28 v1.15 key=value parser (DPC)
\KV@toks@=\toks15
)
\captionmargin=\dimen136
\captionmargin@=\dimen137
\captionwidth=\dimen138
\caption@tempdima=\dimen139
\caption@indent=\dimen140
\caption@parindent=\dimen141
\caption@hangindent=\dimen142
Package caption Info: Standard document class detected.
)
\c@caption@flags=\count176
\c@continuedfloat=\count177
)
\c@subfigure=\count178
\c@subtable=\count179
) (C:\Users\sride\AppData\Local\Programs\MiKTeX\tex/latex/graphics\graphicx.sty
Package: graphicx 2019/11/30 v1.2a Enhanced LaTeX Graphics (DPC,SPQR)

(C:\Users\sride\AppData\Local\Programs\MiKTeX\tex/latex/graphics\graphics.sty
Package: graphics 2019/11/30 v1.4a Standard LaTeX Graphics (DPC,SPQR)

(C:\Users\sride\AppData\Local\Programs\MiKTeX\tex/latex/graphics\trig.sty
Package: trig 2016/01/03 v1.10 sin cos tan (DPC)
)
(C:\Users\sride\AppData\Local\Programs\MiKTeX\tex/latex/graphics-cfg\graphics.c
fg
File: graphics.cfg 2016/06/04 v1.11 sample graphics configuration
)
Package graphics Info: Driver file: pdftex.def on input line 105.

(C:\Users\sride\AppData\Local\Programs\MiKTeX\tex/latex/graphics-def\pdftex.def
File: pdftex.def 2018/01/08 v1.0l Graphics/color driver for pdftex
))
\Gin@req@height=\dimen143
\Gin@req@width=\dimen144
) (C:\Users\sride\AppData\Local\Programs\MiKTeX\tex/latex/base\textcomp.sty
Package: textcomp 2020/02/02 v2.0n Standard LaTeX package
)
(C:\Users\sride\AppData\Local\Programs\MiKTeX\tex/latex/algorithm2e\algorithm2e
.sty
Package: algorithm2e 2017/07/18 v5.2 algorithms environments
\c@AlgoLine=\count180
 (C:\Users\sride\AppData\Local\Programs\MiKTeX\tex/latex/base\ifthen.sty
Package: ifthen 2014/09/29 v1.1c Standard LaTeX ifthen package (DPC)
)
\algocf@hangindent=\skip51

(C:\Users\sride\AppData\Local\Programs\MiKTeX\tex/latex/ifoddpage\ifoddpage.sty
Package: ifoddpage 2016/04/23 v1.1 Conditionals for odd/even page detection
\c@checkoddpage=\count181
) (C:\Users\sride\AppData\Local\Programs\MiKTeX\tex/latex/tools\xspace.sty
Package: xspace 2014/10/28 v1.13 Space after command names (DPC,MH)
)
(C:\Users\sride\AppData\Local\Programs\MiKTeX\tex/latex/relsize\relsize.sty
Package: relsize 2013/03/29 ver 4.1
)
\skiptotal=\skip52
\skiplinenumber=\skip53
\skiprule=\skip54
\skiphlne=\skip55
\skiptext=\skip56
\skiplength=\skip57
\algomargin=\skip58
\skipalgocfslide=\skip59
\algowidth=\dimen145
\inoutsize=\dimen146
\inoutindent=\dimen147
\interspacetitleruled=\dimen148
\interspacealgoruled=\dimen149
\interspacetitleboxruled=\dimen150
\algocf@ruledwidth=\skip60
\algocf@inoutbox=\box45
\algocf@inputbox=\box46
\AlCapSkip=\skip61
\AlCapHSkip=\skip62
\algoskipindent=\skip63
\algocf@nlbox=\box47
\algocf@hangingbox=\box48
\algocf@untilbox=\box49
\algocf@skipuntil=\skip64
\algocf@capbox=\box50
\algocf@lcaptionbox=\skip65
\algoheightruledefault=\skip66
\algoheightrule=\skip67
\algotitleheightruledefault=\skip68
\algotitleheightrule=\skip69
\c@algocfline=\count182
\c@algocfproc=\count183
\c@algocf=\count184
\algocf@algoframe=\box51
\algocf@algobox=\box52
)
(C:\Users\sride\AppData\Local\Programs\MiKTeX\tex/latex/l3backend\l3backend-pdf
mode.def
File: l3backend-pdfmode.def 2020-06-29 L3 backend support: PDF mode
\l__kernel_color_stack_int=\count185
\l__pdf_internal_box=\box53
) (depthpredict.aux)
\openout1 = `depthpredict.aux'.

LaTeX Font Info:    Checking defaults for OML/cmm/m/it on input line 14.
LaTeX Font Info:    ... okay on input line 14.
LaTeX Font Info:    Checking defaults for OMS/cmsy/m/n on input line 14.
LaTeX Font Info:    ... okay on input line 14.
LaTeX Font Info:    Checking defaults for OT1/cmr/m/n on input line 14.
LaTeX Font Info:    ... okay on input line 14.
LaTeX Font Info:    Checking defaults for T1/cmr/m/n on input line 14.
LaTeX Font Info:    ... okay on input line 14.
LaTeX Font Info:    Checking defaults for TS1/cmr/m/n on input line 14.
LaTeX Font Info:    ... okay on input line 14.
LaTeX Font Info:    Checking defaults for OMX/cmex/m/n on input line 14.
LaTeX Font Info:    ... okay on input line 14.
LaTeX Font Info:    Checking defaults for U/cmr/m/n on input line 14.
LaTeX Font Info:    ... okay on input line 14.
Package caption Info: Begin \AtBeginDocument code.
Package caption Info: End \AtBeginDocument code.

(C:\Users\sride\AppData\Local\Programs\MiKTeX\tex/context/base/mkii\supp-pdf.mk
ii
[Loading MPS to PDF converter (version 2006.09.02).]
\scratchcounter=\count186
\scratchdimen=\dimen151
\scratchbox=\box54
\nofMPsegments=\count187
\nofMParguments=\count188
\everyMPshowfont=\toks16
\MPscratchCnt=\count189
\MPscratchDim=\dimen152
\MPnumerator=\count190
\makeMPintoPDFobject=\count191
\everyMPtoPDFconversion=\toks17
)
(C:\Users\sride\AppData\Local\Programs\MiKTeX\tex/latex/epstopdf-pkg\epstopdf-b
ase.sty
Package: epstopdf-base 2020-01-24 v2.11 Base part for package epstopdf
Package epstopdf-base Info: Redefining graphics rule for `.eps' on input line 4
85.
)
LaTeX Font Info:    External font `cmex10' loaded for size
(Font)              <12> on input line 16.
LaTeX Font Info:    External font `cmex10' loaded for size
(Font)              <8> on input line 16.
LaTeX Font Info:    External font `cmex10' loaded for size
(Font)              <6> on input line 16.


LaTeX Warning: No \author given.

[1

{C:/Users/sride/AppData/Local/MiKTeX/pdftex/config/pdftex.map}]
<samplerecord.png, id=11, 672.5125pt x 160.6pt>
File: samplerecord.png Graphic file (type png)
<use samplerecord.png>
Package pdftex.def Info: samplerecord.png  used on input line 60.
(pdftex.def)             Requested size: 345.0pt x 82.38766pt.
 [2 <./samplerecord.png (PNG copy)>] [3]
LaTeX Font Info:    External font `cmex10' loaded for size
(Font)              <7> on input line 121.
LaTeX Font Info:    External font `cmex10' loaded for size
(Font)              <5> on input line 121.
<bgimages.jpg, id=19, 633.86812pt x 60.225pt>
File: bgimages.jpg Graphic file (type jpg)
<use bgimages.jpg>
Package pdftex.def Info: bgimages.jpg  used on input line 139.
(pdftex.def)             Requested size: 348.62854pt x 33.12384pt.
<fgimages.jpg, id=20, 636.12656pt x 60.225pt>
File: fgimages.jpg Graphic file (type jpg)
<use fgimages.jpg>
Package pdftex.def Info: fgimages.jpg  used on input line 142.
(pdftex.def)             Requested size: 349.87068pt x 33.12384pt.

Overfull \hbox (15.62856pt too wide) in paragraph at lines 138--144
 [][] 
 []


Overfull \hbox (16.8707pt too wide) in paragraph at lines 138--144
 [] 
 []

[4 <./bgimages.jpg> <./fgimages.jpg>] [5]
<overlay.jpg, id=34, 634.62094pt x 60.97781pt>
File: overlay.jpg Graphic file (type jpg)
<use overlay.jpg>
Package pdftex.def Info: overlay.jpg  used on input line 198.
(pdftex.def)             Requested size: 349.04259pt x 33.53789pt.
<overlaymask.jpg, id=35, 633.86812pt x 57.21375pt>
File: overlaymask.jpg Graphic file (type jpg)
<use overlaymask.jpg>
Package pdftex.def Info: overlaymask.jpg  used on input line 201.
(pdftex.def)             Requested size: 348.62854pt x 31.46764pt.
<overlaydepth.jpg, id=36, 628.59843pt x 59.47218pt>
File: overlaydepth.jpg Graphic file (type jpg)
<use overlaydepth.jpg>
Package pdftex.def Info: overlaydepth.jpg  used on input line 204.
(pdftex.def)             Requested size: 345.73021pt x 32.7098pt.

Overfull \hbox (16.0426pt too wide) in paragraph at lines 197--206
 [][] 
 []


Overfull \hbox (15.62856pt too wide) in paragraph at lines 197--206
 [] 
 []


Overfull \hbox (12.73022pt too wide) in paragraph at lines 197--206
 [] 
 []

[6 <./overlay.jpg> <./overlaymask.jpg> <./overlaydepth.jpg>]
Overfull \hbox (145.99484pt too wide) in paragraph at lines 247--248
[]\OT1/cmr/m/it/10 ('./data/bgimages/bgimg099.jpg', './data/out2/images/fgbg392
483.jpg', './data/out2/masks/mask392483.jpg',
 []

<networkarchitecture.jpg, id=40, 609.77812pt x 487.8225pt>
File: networkarchitecture.jpg Graphic file (type jpg)
<use networkarchitecture.jpg>
Package pdftex.def Info: networkarchitecture.jpg  used on input line 269.
(pdftex.def)             Requested size: 345.0pt x 276.00728pt.

LaTeX Warning: `!h' float specifier changed to `!ht'.

[7] [8 <./networkarchitecture.jpg>] [9] [10] (depthpredict.aux) ) 
Here is how much of TeX's memory you used:
 3606 strings out of 480790
 61143 string characters out of 2897302
 300768 words of memory out of 3000000
 19610 multiletter control sequences out of 15000+200000
 537714 words of font info for 42 fonts, out of 3000000 for 9000
 1141 hyphenation exceptions out of 8191
 46i,15n,47p,523b,526s stack positions out of 5000i,500n,10000p,200000b,50000s
<C:/Users/srid
e/AppData/Local/Programs/MiKTeX/fonts/type1/public/amsfonts/cm/cmbx10.pfb><C:/U
sers/sride/AppData/Local/Programs/MiKTeX/fonts/type1/public/amsfonts/cm/cmbx12.
pfb><C:/Users/sride/AppData/Local/Programs/MiKTeX/fonts/type1/public/amsfonts/c
m/cmbx9.pfb><C:/Users/sride/AppData/Local/Programs/MiKTeX/fonts/type1/public/am
sfonts/cm/cmex10.pfb><C:/Users/sride/AppData/Local/Programs/MiKTeX/fonts/type1/
public/amsfonts/cm/cmmi10.pfb><C:/Users/sride/AppData/Local/Programs/MiKTeX/fon
ts/type1/public/amsfonts/cm/cmmi7.pfb><C:/Users/sride/AppData/Local/Programs/Mi
KTeX/fonts/type1/public/amsfonts/cm/cmr10.pfb><C:/Users/sride/AppData/Local/Pro
grams/MiKTeX/fonts/type1/public/amsfonts/cm/cmr12.pfb><C:/Users/sride/AppData/L
ocal/Programs/MiKTeX/fonts/type1/public/amsfonts/cm/cmr17.pfb><C:/Users/sride/A
ppData/Local/Programs/MiKTeX/fonts/type1/public/amsfonts/cm/cmr6.pfb><C:/Users/
sride/AppData/Local/Programs/MiKTeX/fonts/type1/public/amsfonts/cm/cmr7.pfb><C:
/Users/sride/AppData/Local/Programs/MiKTeX/fonts/type1/public/amsfonts/cm/cmr8.
pfb><C:/Users/sride/AppData/Local/Programs/MiKTeX/fonts/type1/public/amsfonts/c
m/cmr9.pfb><C:/Users/sride/AppData/Local/Programs/MiKTeX/fonts/type1/public/ams
fonts/cm/cmsy10.pfb><C:/Users/sride/AppData/Local/Programs/MiKTeX/fonts/type1/p
ublic/amsfonts/cm/cmti10.pfb><C:/Users/sride/AppData/Local/Programs/MiKTeX/font
s/type1/public/amsfonts/cm/cmtt10.pfb>
Output written on depthpredict.pdf (10 pages, 502409 bytes).
PDF statistics:
 106 PDF objects out of 1000 (max. 8388607)
 0 named destinations out of 1000 (max. 500000)
 36 words of extra memory for PDF output out of 10000 (max. 10000000)

