This is pdfTeX, Version 3.14159265-2.6-1.40.21 (MiKTeX 20.12 32-bit) (preloaded format=pdflatex 2020.12.22)  11 JAN 2021 16:19
entering extended mode
**./depthpredection.tex
(depthpredection.tex
LaTeX2e <2020-10-01> patch level 2
L3 programming layer <2020-12-07> xparse <2020-03-03>
(C:\Users\sairam\AppData\Local\Programs\MiKTeX\tex/latex/base\article.cls
Document Class: article 2020/04/10 v1.4m Standard LaTeX document class
(C:\Users\sairam\AppData\Local\Programs\MiKTeX\tex/latex/base\size10.clo
File: size10.clo 2020/04/10 v1.4m Standard LaTeX file (size option)
)
\c@part=\count177
\c@section=\count178
\c@subsection=\count179
\c@subsubsection=\count180
\c@paragraph=\count181
\c@subparagraph=\count182
\c@figure=\count183
\c@table=\count184
\abovecaptionskip=\skip47
\belowcaptionskip=\skip48
\bibindent=\dimen138
)
(C:\Users\sairam\AppData\Local\Programs\MiKTeX\tex/latex/multirow\multirow.sty
Package: multirow 2019/05/31 v2.5 Span multiple rows of a table
\multirow@colwidth=\skip49
\multirow@cntb=\count185
\multirow@dima=\skip50
\bigstrutjot=\dimen139
)
(C:\Users\sairam\AppData\Local\Programs\MiKTeX\tex/latex/caption\subcaption.sty
Package: subcaption 2020/10/07 v1.3j Sub-captions (AR)
(C:\Users\sairam\AppData\Local\Programs\MiKTeX\tex/latex/caption\caption.sty
Package: caption 2020/10/26 v3.5g Customizing captions (AR)

(C:\Users\sairam\AppData\Local\Programs\MiKTeX\tex/latex/caption\caption3.sty
Package: caption3 2020/10/21 v2.2e caption3 kernel (AR)

(C:\Users\sairam\AppData\Local\Programs\MiKTeX\tex/latex/graphics\keyval.sty
Package: keyval 2014/10/28 v1.15 key=value parser (DPC)
\KV@toks@=\toks15
)
\captionmargin=\dimen140
\captionmargin@=\dimen141
\captionwidth=\dimen142
\caption@tempdima=\dimen143
\caption@indent=\dimen144
\caption@parindent=\dimen145
\caption@hangindent=\dimen146
Package caption Info: Standard document class detected.
)
\c@caption@flags=\count186
\c@continuedfloat=\count187
)
\c@subfigure=\count188
\c@subtable=\count189
)
(C:\Users\sairam\AppData\Local\Programs\MiKTeX\tex/latex/graphics\graphicx.sty
Package: graphicx 2020/09/09 v1.2b Enhanced LaTeX Graphics (DPC,SPQR)

(C:\Users\sairam\AppData\Local\Programs\MiKTeX\tex/latex/graphics\graphics.sty
Package: graphics 2020/08/30 v1.4c Standard LaTeX Graphics (DPC,SPQR)

(C:\Users\sairam\AppData\Local\Programs\MiKTeX\tex/latex/graphics\trig.sty
Package: trig 2016/01/03 v1.10 sin cos tan (DPC)
)
(C:\Users\sairam\AppData\Local\Programs\MiKTeX\tex/latex/graphics-cfg\graphics.
cfg
File: graphics.cfg 2016/06/04 v1.11 sample graphics configuration
)
Package graphics Info: Driver file: pdftex.def on input line 105.

(C:\Users\sairam\AppData\Local\Programs\MiKTeX\tex/latex/graphics-def\pdftex.de
f
File: pdftex.def 2020/10/05 v1.2a Graphics/color driver for pdftex
))
\Gin@req@height=\dimen147
\Gin@req@width=\dimen148
) (C:\Users\sairam\AppData\Local\Programs\MiKTeX\tex/latex/base\textcomp.sty
Package: textcomp 2020/02/02 v2.0n Standard LaTeX package
)
(C:\Users\sairam\AppData\Local\Programs\MiKTeX\tex/latex/algorithm2e\algorithm2
e.sty
Package: algorithm2e 2017/07/18 v5.2 algorithms environments
\c@AlgoLine=\count190
 (C:\Users\sairam\AppData\Local\Programs\MiKTeX\tex/latex/base\ifthen.sty
Package: ifthen 2014/09/29 v1.1c Standard LaTeX ifthen package (DPC)
)
\algocf@hangindent=\skip51

(C:\Users\sairam\AppData\Local\Programs\MiKTeX\tex/latex/ifoddpage\ifoddpage.st
y
Package: ifoddpage 2016/04/23 v1.1 Conditionals for odd/even page detection
\c@checkoddpage=\count191
) (C:\Users\sairam\AppData\Local\Programs\MiKTeX\tex/latex/tools\xspace.sty
Package: xspace 2014/10/28 v1.13 Space after command names (DPC,MH)
)
(C:\Users\sairam\AppData\Local\Programs\MiKTeX\tex/latex/relsize\relsize.sty
Package: relsize 2013/03/29 ver 4.1
)
\skiptotal=\skip52
\skiplinenumber=\skip53
\skiprule=\skip54
\skiphlne=\skip55
\skiptext=\skip56
\skiplength=\skip57
\algomargin=\skip58
\skipalgocfslide=\skip59
\algowidth=\dimen149
\inoutsize=\dimen150
\inoutindent=\dimen151
\interspacetitleruled=\dimen152
\interspacealgoruled=\dimen153
\interspacetitleboxruled=\dimen154
\algocf@ruledwidth=\skip60
\algocf@inoutbox=\box47
\algocf@inputbox=\box48
\AlCapSkip=\skip61
\AlCapHSkip=\skip62
\algoskipindent=\skip63
\algocf@nlbox=\box49
\algocf@hangingbox=\box50
\algocf@untilbox=\box51
\algocf@skipuntil=\skip64
\algocf@capbox=\box52
\algocf@lcaptionbox=\skip65
\algoheightruledefault=\skip66
\algoheightrule=\skip67
\algotitleheightruledefault=\skip68
\algotitleheightrule=\skip69
\c@algocfline=\count192
\c@algocfproc=\count193
\c@algocf=\count194
\algocf@algoframe=\box53
\algocf@algobox=\box54
)
(C:\Users\sairam\AppData\Local\Programs\MiKTeX\tex/latex/l3backend\l3backend-pd
ftex.def
File: l3backend-pdftex.def 2020-09-24 L3 backend support: PDF output (pdfTeX)
\l__kernel_color_stack_int=\count195
\l__pdf_internal_box=\box55
) (depthpredection.aux

LaTeX Warning: Label `fig:samplerecord' multiply defined.


LaTeX Warning: Label `fig:samplerecord' multiply defined.

)
\openout1 = `depthpredection.aux'.

LaTeX Font Info:    Checking defaults for OML/cmm/m/it on input line 12.
LaTeX Font Info:    ... okay on input line 12.
LaTeX Font Info:    Checking defaults for OMS/cmsy/m/n on input line 12.
LaTeX Font Info:    ... okay on input line 12.
LaTeX Font Info:    Checking defaults for OT1/cmr/m/n on input line 12.
LaTeX Font Info:    ... okay on input line 12.
LaTeX Font Info:    Checking defaults for T1/cmr/m/n on input line 12.
LaTeX Font Info:    ... okay on input line 12.
LaTeX Font Info:    Checking defaults for TS1/cmr/m/n on input line 12.
LaTeX Font Info:    ... okay on input line 12.
LaTeX Font Info:    Checking defaults for OMX/cmex/m/n on input line 12.
LaTeX Font Info:    ... okay on input line 12.
LaTeX Font Info:    Checking defaults for U/cmr/m/n on input line 12.
LaTeX Font Info:    ... okay on input line 12.
Package caption Info: Begin \AtBeginDocument code.
Package caption Info: End \AtBeginDocument code.

(C:\Users\sairam\AppData\Local\Programs\MiKTeX\tex/context/base/mkii\supp-pdf.m
kii
[Loading MPS to PDF converter (version 2006.09.02).]
\scratchcounter=\count196
\scratchdimen=\dimen155
\scratchbox=\box56
\nofMPsegments=\count197
\nofMParguments=\count198
\everyMPshowfont=\toks16
\MPscratchCnt=\count199
\MPscratchDim=\dimen156
\MPnumerator=\count266
\makeMPintoPDFobject=\count267
\everyMPtoPDFconversion=\toks17
)
(C:\Users\sairam\AppData\Local\Programs\MiKTeX\tex/latex/epstopdf-pkg\epstopdf-
base.sty
Package: epstopdf-base 2020-01-24 v2.11 Base part for package epstopdf
Package epstopdf-base Info: Redefining graphics rule for `.eps' on input line 4
85.
)
LaTeX Font Info:    External font `cmex10' loaded for size
(Font)              <12> on input line 14.
LaTeX Font Info:    External font `cmex10' loaded for size
(Font)              <8> on input line 14.
LaTeX Font Info:    External font `cmex10' loaded for size
(Font)              <6> on input line 14.


LaTeX Warning: No \author given.

<samplerecord.png, id=1, 672.5125pt x 160.6pt>
File: samplerecord.png Graphic file (type png)
<use samplerecord.png>
Package pdftex.def Info: samplerecord.png  used on input line 48.
(pdftex.def)             Requested size: 345.0pt x 82.38766pt.

LaTeX Warning: `!h' float specifier changed to `!ht'.

<finalepoch.png, id=2, 679.8198pt x 455.7828pt>
File: finalepoch.png Graphic file (type png)
<use finalepoch.png>
Package pdftex.def Info: finalepoch.png  used on input line 56.
(pdftex.def)             Requested size: 345.0pt x 231.30559pt.

LaTeX Warning: `!h' float specifier changed to `!ht'.

<unseen.jpeg, id=4, 867.24pt x 392.46625pt>
File: unseen.jpeg Graphic file (type jpg)
<use unseen.jpeg>
Package pdftex.def Info: unseen.jpeg  used on input line 64.
(pdftex.def)             Requested size: 345.0pt x 156.12735pt.

LaTeX Warning: `!h' float specifier changed to `!ht'.

[1

{C:/Users/sairam/AppData/Local/MiKTeX/pdftex/config/pdftex.map}] [2 <./samplere
cord.png (PNG copy)> <./finalepoch.png>]
<bgimages.jpg, id=19, 633.86812pt x 60.225pt>
File: bgimages.jpg Graphic file (type jpg)
<use bgimages.jpg>
Package pdftex.def Info: bgimages.jpg  used on input line 102.
(pdftex.def)             Requested size: 284.52756pt x 27.0339pt.
LaTeX Font Info:    External font `cmex10' loaded for size
(Font)              <7> on input line 104.
LaTeX Font Info:    External font `cmex10' loaded for size
(Font)              <5> on input line 104.
<fgimages.jpg, id=20, 636.12656pt x 60.225pt>
File: fgimages.jpg Graphic file (type jpg)
<use fgimages.jpg>
Package pdftex.def Info: fgimages.jpg  used on input line 106.
(pdftex.def)             Requested size: 284.52756pt x 26.93741pt.

Overfull \hbox (24.88582pt too wide) in paragraph at lines 101--109
[]$[]$
 []


Overfull \hbox (24.88582pt too wide) in paragraph at lines 101--109
[]$ 
 []

<fgmask.jpg, id=21, 636.87938pt x 53.44969pt>
File: fgmask.jpg Graphic file (type jpg)
<use fgmask.jpg>
Package pdftex.def Info: fgmask.jpg  used on input line 111.
(pdftex.def)             Requested size: 284.52756pt x 23.8784pt.

Overfull \hbox (24.88582pt too wide) in paragraph at lines 110--114
[]$[]$ 
 []

<overlay.jpg, id=22, 634.62094pt x 60.97781pt>
File: overlay.jpg Graphic file (type jpg)
<use overlay.jpg>
Package pdftex.def Info: overlay.jpg  used on input line 128.
(pdftex.def)             Requested size: 284.52756pt x 27.33926pt.
<overlay mask.jpg, id=23, 633.86812pt x 57.21375pt>
File: overlay mask.jpg Graphic file (type jpg)
<use overlay mask.jpg>
Package pdftex.def Info: overlay mask.jpg  used on input line 132.
(pdftex.def)             Requested size: 284.52756pt x 25.6822pt.

Overfull \hbox (24.88582pt too wide) in paragraph at lines 127--135
[]$[]$
 []


Overfull \hbox (24.88582pt too wide) in paragraph at lines 127--135
[]$ 
 []

<overlaydepth.jpg, id=24, 628.59843pt x 59.47218pt>
File: overlaydepth.jpg Graphic file (type jpg)
<use overlaydepth.jpg>
Package pdftex.def Info: overlaydepth.jpg  used on input line 137.
(pdftex.def)             Requested size: 284.52756pt x 26.91922pt.

Overfull \hbox (24.88582pt too wide) in paragraph at lines 136--140
[]$[]$ 
 []

<layoutofdataset.jpg, id=25, 797.98125pt x 156.585pt>
File: layoutofdataset.jpg Graphic file (type jpg)
<use layoutofdataset.jpg>
Package pdftex.def Info: layoutofdataset.jpg  used on input line 153.
(pdftex.def)             Requested size: 345.0pt x 67.69818pt.

LaTeX Warning: `!h' float specifier changed to `!ht'.


LaTeX Warning: No positions in optional float specifier.
               Default added (so using `tbp') on input line 160.


Overfull \hbox (131.61229pt too wide) in paragraph at lines 161--168
[][] 
 []

[3 <./unseen.jpeg>] [4 <./bgimages.jpg> <./fgimages.jpg> <./fgmask.jpg> <./over
lay.jpg> <./overlay mask.jpg> <./overlaydepth.jpg>] [5 <./layoutofdataset.jpg>]
[6] (depthpredection.aux)

LaTeX Warning: There were multiply-defined labels.

 ) 
Here is how much of TeX's memory you used:
 3651 strings out of 479696
 62523 string characters out of 2866639
 338846 words of memory out of 3000000
 20736 multiletter control sequences out of 15000+200000
 408292 words of font info for 43 fonts, out of 3000000 for 9000
 1141 hyphenation exceptions out of 8191
 77i,8n,85p,545b,443s stack positions out of 5000i,500n,10000p,200000b,50000s
<C:/Users/sairam/AppData/Local/Programs/MiKTeX/fonts/type1/public/amsfonts/cm
/cmbx10.pfb><C:/Users/sairam/AppData/Local/Programs/MiKTeX/fonts/type1/public/a
msfonts/cm/cmbx12.pfb><C:/Users/sairam/AppData/Local/Programs/MiKTeX/fonts/type
1/public/amsfonts/cm/cmbx9.pfb><C:/Users/sairam/AppData/Local/Programs/MiKTeX/f
onts/type1/public/amsfonts/cm/cmr10.pfb><C:/Users/sairam/AppData/Local/Programs
/MiKTeX/fonts/type1/public/amsfonts/cm/cmr12.pfb><C:/Users/sairam/AppData/Local
/Programs/MiKTeX/fonts/type1/public/amsfonts/cm/cmr17.pfb><C:/Users/sairam/AppD
ata/Local/Programs/MiKTeX/fonts/type1/public/amsfonts/cm/cmr9.pfb>
Output written on depthpredection.pdf (6 pages, 1287075 bytes).
PDF statistics:
 61 PDF objects out of 1000 (max. 8388607)
 0 named destinations out of 1000 (max. 500000)
 51 words of extra memory for PDF output out of 10000 (max. 10000000)

