This is pdfTeX, Version 3.14159265-2.6-1.40.19 (MiKTeX 2.9.6840 64-bit) (preloaded format=pdflatex 2018.10.27)  19 MAR 2021 19:46
entering extended mode
**h:/DataScience/modes/TextAugmentation/DepthPrediction/depthpredict.tex
(h:/DataScience/modes/TextAugmentation/DepthPrediction/depthpredict.tex
LaTeX2e <2018-04-01> patch level 5
(h:/DataScience\modes\TextAugmentation\DepthPrediction\cvpr.cls
Document Class: cvpr 2020/5/16 Example LaTex class for IEEE CVPR
("C:\Program Files\MiKTeX 2.9\tex\latex\base\article.cls"
Document Class: article 2014/09/29 v1.4h Standard LaTeX document class
("C:\Program Files\MiKTeX 2.9\tex\latex\base\size10.clo"
File: size10.clo 2014/09/29 v1.4h Standard LaTeX file (size option)
)
\c@part=\count80
\c@section=\count81
\c@subsection=\count82
\c@subsubsection=\count83
\c@paragraph=\count84
\c@subparagraph=\count85
\c@figure=\count86
\c@table=\count87
\abovecaptionskip=\skip41
\belowcaptionskip=\skip42
\bibindent=\dimen102
) ("C:\Program Files\MiKTeX 2.9\tex\latex\tools\xspace.sty"
Package: xspace 2014/10/28 v1.13 Space after command names (DPC,MH)
) (C:\Users\abhinav\AppData\Roaming\MiKTeX\2.9\tex\latex\silence\silence.sty
Package: silence 2012/07/02 v1.5b Selective filtering of warnings and error messages
\sl@Save=\count88
\sl@StateNumber=\count89
\sl@MessageCount=\count90
\sl@Casualties=\count91
\sl@Filter=\toks14
\sl@Message=\toks15
\sl@UnexpandedMessage=\toks16
\sl@Mess@ge=\toks17
\sl@WarningCount=\count92
\sl@WarningNumber=\count93
\sl@WarningCasualties=\count94
\sl@TempBOW=\toks18
\sl@BankOfWarnings=\toks19
LaTeX Info: Redefining \GenericWarning on input line 433.
\sl@ErrorCount=\count95
\sl@ErrorNumber=\count96
\sl@ErrorCasualties=\count97
\sl@TempBOE=\toks20
\sl@BankOfErrors=\toks21
LaTeX Info: Redefining \GenericError on input line 601.
) (C:\Users\abhinav\AppData\Roaming\MiKTeX\2.9\tex\latex\etoolbox\etoolbox.sty
Package: etoolbox 2018/08/19 v2.5f e-TeX tools for LaTeX (JAW)
\etb@tempcnta=\count98
) (C:\Users\abhinav\AppData\Roaming\MiKTeX\2.9\tex\latex\url\url.sty
\Urlmuskip=\muskip10
Package: url 2013/09/16  ver 3.4  Verb mode for urls, etc.
) ("C:\Program Files\MiKTeX 2.9\tex\latex\graphics\keyval.sty"
Package: keyval 2014/10/28 v1.15 key=value parser (DPC)
\KV@toks@=\toks22
)
CVPR 8.5 x 11-Inch Proceedings Style `cvpr.sty'.
\@ctmp=\skip43
\@figindent=\skip44
\cvprrulerbox=\box26
\cvprrulercount=\count99
\cvprruleroffset=\dimen103
\cv@lineheight=\dimen104
\cv@boxheight=\dimen105
\cv@tmpbox=\box27
\cv@refno=\count100
\cv@tot=\count101
\cv@tmpc@=\count102
\cv@tmpc=\count103
) ("C:\Program Files\MiKTeX 2.9\tex\latex\psnfss\times.sty"
Package: times 2005/04/12 PSNFSS-v9.2a (SPQR) 
) ("C:\Program Files\MiKTeX 2.9\tex\latex\graphics\epsfig.sty"
Package: epsfig 2017/06/25 v1.7b (e)psfig emulation (SPQR)
 ("C:\Program Files\MiKTeX 2.9\tex\latex\graphics\graphicx.sty"
Package: graphicx 2017/06/01 v1.1a Enhanced LaTeX Graphics (DPC,SPQR)
 ("C:\Program Files\MiKTeX 2.9\tex\latex\graphics\graphics.sty"
Package: graphics 2017/06/25 v1.2c Standard LaTeX Graphics (DPC,SPQR)
 ("C:\Program Files\MiKTeX 2.9\tex\latex\graphics\trig.sty"
Package: trig 2016/01/03 v1.10 sin cos tan (DPC)
) ("C:\Program Files\MiKTeX 2.9\tex\latex\graphics-cfg\graphics.cfg"
File: graphics.cfg 2016/06/04 v1.11 sample graphics configuration
)
Package graphics Info: Driver file: pdftex.def on input line 99.
 ("C:\Program Files\MiKTeX 2.9\tex\latex\graphics-def\pdftex.def"
File: pdftex.def 2018/01/08 v1.0l Graphics/color driver for pdftex
))
\Gin@req@height=\dimen106
\Gin@req@width=\dimen107
)
\epsfxsize=\dimen108
\epsfysize=\dimen109
) ("C:\Program Files\MiKTeX 2.9\tex\latex\amsmath\amsmath.sty"
Package: amsmath 2017/09/02 v2.17a AMS math features
\@mathmargin=\skip45

For additional information on amsmath, use the `?' option.
("C:\Program Files\MiKTeX 2.9\tex\latex\amsmath\amstext.sty"
Package: amstext 2000/06/29 v2.01 AMS text
 ("C:\Program Files\MiKTeX 2.9\tex\latex\amsmath\amsgen.sty"
File: amsgen.sty 1999/11/30 v2.0 generic functions
\@emptytoks=\toks23
\ex@=\dimen110
)) ("C:\Program Files\MiKTeX 2.9\tex\latex\amsmath\amsbsy.sty"
Package: amsbsy 1999/11/29 v1.2d Bold Symbols
\pmbraise@=\dimen111
) ("C:\Program Files\MiKTeX 2.9\tex\latex\amsmath\amsopn.sty"
Package: amsopn 2016/03/08 v2.02 operator names
)
\inf@bad=\count104
LaTeX Info: Redefining \frac on input line 213.
\uproot@=\count105
\leftroot@=\count106
LaTeX Info: Redefining \overline on input line 375.
\classnum@=\count107
\DOTSCASE@=\count108
LaTeX Info: Redefining \ldots on input line 472.
LaTeX Info: Redefining \dots on input line 475.
LaTeX Info: Redefining \cdots on input line 596.
\Mathstrutbox@=\box28
\strutbox@=\box29
\big@size=\dimen112
LaTeX Font Info:    Redeclaring font encoding OML on input line 712.
LaTeX Font Info:    Redeclaring font encoding OMS on input line 713.
\macc@depth=\count109
\c@MaxMatrixCols=\count110
\dotsspace@=\muskip11
\c@parentequation=\count111
\dspbrk@lvl=\count112
\tag@help=\toks24
\row@=\count113
\column@=\count114
\maxfields@=\count115
\andhelp@=\toks25
\eqnshift@=\dimen113
\alignsep@=\dimen114
\tagshift@=\dimen115
\tagwidth@=\dimen116
\totwidth@=\dimen117
\lineht@=\dimen118
\@envbody=\toks26
\multlinegap=\skip46
\multlinetaggap=\skip47
\mathdisplay@stack=\toks27
LaTeX Info: Redefining \[ on input line 2817.
LaTeX Info: Redefining \] on input line 2818.
) ("C:\Program Files\MiKTeX 2.9\tex\latex\amsfonts\amssymb.sty"
Package: amssymb 2013/01/14 v3.01 AMS font symbols
 ("C:\Program Files\MiKTeX 2.9\tex\latex\amsfonts\amsfonts.sty"
Package: amsfonts 2013/01/14 v3.01 Basic AMSFonts support
\symAMSa=\mathgroup4
\symAMSb=\mathgroup5
LaTeX Font Info:    Overwriting math alphabet `\mathfrak' in version `bold'
(Font)                  U/euf/m/n --> U/euf/b/n on input line 106.
)) ("C:\Program Files\MiKTeX 2.9\tex\latex\hyperref\hyperref.sty"
Package: hyperref 2018/09/30 v6.88a Hypertext links for LaTeX
 ("C:\Program Files\MiKTeX 2.9\tex\generic\oberdiek\hobsub-hyperref.sty"
Package: hobsub-hyperref 2016/05/16 v1.14 Bundle oberdiek, subset hyperref (HO)
 ("C:\Program Files\MiKTeX 2.9\tex\generic\oberdiek\hobsub-generic.sty"
Package: hobsub-generic 2016/05/16 v1.14 Bundle oberdiek, subset generic (HO)
Package: hobsub 2016/05/16 v1.14 Construct package bundles (HO)
Package: infwarerr 2016/05/16 v1.4 Providing info/warning/error messages (HO)
Package: ltxcmds 2016/05/16 v1.23 LaTeX kernel commands for general use (HO)
Package: ifluatex 2016/05/16 v1.4 Provides the ifluatex switch (HO)
Package ifluatex Info: LuaTeX not detected.
Package: ifvtex 2016/05/16 v1.6 Detect VTeX and its facilities (HO)
Package ifvtex Info: VTeX not detected.
Package: intcalc 2016/05/16 v1.2 Expandable calculations with integers (HO)
Package: ifpdf 2018/09/07 v3.3 Provides the ifpdf switch
Package: etexcmds 2016/05/16 v1.6 Avoid name clashes with e-TeX commands (HO)
Package etexcmds Info: Could not find \expanded.
(etexcmds)             That can mean that you are not using pdfTeX 1.50 or
(etexcmds)             that some package has redefined \expanded.
(etexcmds)             In the latter case, load this package earlier.
Package: kvsetkeys 2016/05/16 v1.17 Key value parser (HO)
Package: kvdefinekeys 2016/05/16 v1.4 Define keys (HO)
Package: pdftexcmds 2018/09/10 v0.29 Utility functions of pdfTeX for LuaTeX (HO)
Package pdftexcmds Info: LuaTeX not detected.
Package pdftexcmds Info: \pdf@primitive is available.
Package pdftexcmds Info: \pdf@ifprimitive is available.
Package pdftexcmds Info: \pdfdraftmode found.
Package: pdfescape 2016/05/16 v1.14 Implements pdfTeX's escape features (HO)
Package: bigintcalc 2016/05/16 v1.4 Expandable calculations on big integers (HO)
Package: bitset 2016/05/16 v1.2 Handle bit-vector datatype (HO)
Package: uniquecounter 2016/05/16 v1.3 Provide unlimited unique counter (HO)
)
Package hobsub Info: Skipping package `hobsub' (already loaded).
Package: letltxmacro 2016/05/16 v1.5 Let assignment for LaTeX macros (HO)
Package: hopatch 2016/05/16 v1.3 Wrapper for package hooks (HO)
Package: xcolor-patch 2016/05/16 xcolor patch
Package: atveryend 2016/05/16 v1.9 Hooks at the very end of document (HO)
Package: atbegshi 2016/06/09 v1.18 At begin shipout hook (HO)
Package: refcount 2016/05/16 v3.5 Data extraction from label references (HO)
Package: hycolor 2016/05/16 v1.8 Color options for hyperref/bookmark (HO)
) (C:\Users\abhinav\AppData\Roaming\MiKTeX\2.9\tex\generic\iftex\ifxetex.sty
Package: ifxetex 2019/10/25 v0.7 ifxetex legacy package. Use iftex instead.
 (C:\Users\abhinav\AppData\Roaming\MiKTeX\2.9\tex\generic\iftex\iftex.sty
Package: iftex 2020/03/06 v1.0d TeX engine tests
)) ("C:\Program Files\MiKTeX 2.9\tex\latex\oberdiek\auxhook.sty"
Package: auxhook 2016/05/16 v1.4 Hooks for auxiliary files (HO)
) ("C:\Program Files\MiKTeX 2.9\tex\latex\oberdiek\kvoptions.sty"
Package: kvoptions 2016/05/16 v3.12 Key value format for package options (HO)
)
\@linkdim=\dimen119
\Hy@linkcounter=\count116
\Hy@pagecounter=\count117
 ("C:\Program Files\MiKTeX 2.9\tex\latex\hyperref\pd1enc.def"
File: pd1enc.def 2018/09/30 v6.88a Hyperref: PDFDocEncoding definition (HO)
Now handling font encoding PD1 ...
... no UTF-8 mapping file for font encoding PD1
)
\Hy@SavedSpaceFactor=\count118
 ("C:\Program Files\MiKTeX 2.9\tex\latex\00miktex\hyperref.cfg"
File: hyperref.cfg 2002/06/06 v1.2 hyperref configuration of TeXLive
)
Package hyperref Info: Option `breaklinks' set `true' on input line 4409.
Package hyperref Info: Option `colorlinks' set `true' on input line 4409.
Package hyperref Info: Option `bookmarks' set `false' on input line 4409.
Package hyperref Info: Hyper figures OFF on input line 4535.
Package hyperref Info: Link nesting OFF on input line 4540.
Package hyperref Info: Hyper index ON on input line 4543.
Package hyperref Info: Plain pages OFF on input line 4550.
Package hyperref Info: Backreferencing ON on input line 4553.
Package hyperref Info: Implicit mode ON; LaTeX internals redefined.
Package hyperref Info: Bookmarks OFF on input line 4794.
 ("C:\Program Files\MiKTeX 2.9\tex\latex\hyperref\backref.sty"
Package: backref 2016/05/21 v1.39 Bibliographical back referencing
 ("C:\Program Files\MiKTeX 2.9\tex\latex\oberdiek\rerunfilecheck.sty"
Package: rerunfilecheck 2016/05/16 v1.8 Rerun checks for auxiliary files (HO)
Package uniquecounter Info: New unique counter `rerunfilecheck' on input line 282.
))
\c@Hy@tempcnt=\count119
LaTeX Info: Redefining \url on input line 5141.
\XeTeXLinkMargin=\dimen120
\Fld@menulength=\count120
\Field@Width=\dimen121
\Fld@charsize=\dimen122
Package hyperref Info: Hyper figures OFF on input line 6396.
Package hyperref Info: Link nesting OFF on input line 6401.
Package hyperref Info: Hyper index ON on input line 6404.
Package hyperref Info: backreferencing ON on input line 6409.
Package hyperref Info: Link coloring ON on input line 6414.
Package hyperref Info: Link coloring with OCG OFF on input line 6421.
Package hyperref Info: PDF/A mode OFF on input line 6426.
LaTeX Info: Redefining \ref on input line 6466.
LaTeX Info: Redefining \pageref on input line 6470.
\Hy@abspage=\count121
\c@Item=\count122
\c@Hfootnote=\count123
)
Package hyperref Info: Driver (autodetected): hpdftex.
 ("C:\Program Files\MiKTeX 2.9\tex\latex\hyperref\hpdftex.def"
File: hpdftex.def 2018/09/30 v6.88a Hyperref driver for pdfTeX
\Fld@listcount=\count124
\c@bookmark@seq@number=\count125
\Hy@SectionHShift=\skip48
) (C:\Users\abhinav\AppData\Roaming\MiKTeX\2.9\tex\latex\algorithm2e\algorithm2e.sty
Package: algorithm2e 2017/07/18 v5.2 algorithms environments
\c@AlgoLine=\count126
 ("C:\Program Files\MiKTeX 2.9\tex\latex\base\ifthen.sty"
Package: ifthen 2014/09/29 v1.1c Standard LaTeX ifthen package (DPC)
)
\algocf@hangindent=\skip49
 (C:\Users\abhinav\AppData\Roaming\MiKTeX\2.9\tex\latex\ifoddpage\ifoddpage.sty
Package: ifoddpage 2016/04/23 v1.1 Conditionals for odd/even page detection
\c@checkoddpage=\count127
) (C:\Users\abhinav\AppData\Roaming\MiKTeX\2.9\tex\latex\relsize\relsize.sty
Package: relsize 2013/03/29 ver 4.1
)
\skiptotal=\skip50
\skiplinenumber=\skip51
\skiprule=\skip52
\skiphlne=\skip53
\skiptext=\skip54
\skiplength=\skip55
\algomargin=\skip56
\skipalgocfslide=\skip57
\algowidth=\dimen123
\inoutsize=\dimen124
\inoutindent=\dimen125
\interspacetitleruled=\dimen126
\interspacealgoruled=\dimen127
\interspacetitleboxruled=\dimen128
\algocf@ruledwidth=\skip58
\algocf@inoutbox=\box30
\algocf@inputbox=\box31
\AlCapSkip=\skip59
\AlCapHSkip=\skip60
\algoskipindent=\skip61
\algocf@nlbox=\box32
\algocf@hangingbox=\box33
\algocf@untilbox=\box34
\algocf@skipuntil=\skip62
\algocf@capbox=\box35
\algocf@lcaptionbox=\skip63
\algoheightruledefault=\skip64
\algoheightrule=\skip65
\algotitleheightruledefault=\skip66
\algotitleheightrule=\skip67
\c@algocfline=\count128
\c@algocfproc=\count129
\c@algocf=\count130
\algocf@algoframe=\box36
\algocf@algobox=\box37
) (h:/DataScience\modes\TextAugmentation\DepthPrediction\depthpredict.aux)
\openout1 = `depthpredict.aux'.

LaTeX Font Info:    Checking defaults for OML/cmm/m/it on input line 36.
LaTeX Font Info:    ... okay on input line 36.
LaTeX Font Info:    Checking defaults for T1/cmr/m/n on input line 36.
LaTeX Font Info:    ... okay on input line 36.
LaTeX Font Info:    Checking defaults for OT1/cmr/m/n on input line 36.
LaTeX Font Info:    ... okay on input line 36.
LaTeX Font Info:    Checking defaults for OMS/cmsy/m/n on input line 36.
LaTeX Font Info:    ... okay on input line 36.
LaTeX Font Info:    Checking defaults for OMX/cmex/m/n on input line 36.
LaTeX Font Info:    ... okay on input line 36.
LaTeX Font Info:    Checking defaults for U/cmr/m/n on input line 36.
LaTeX Font Info:    ... okay on input line 36.
LaTeX Font Info:    Checking defaults for PD1/pdf/m/n on input line 36.
LaTeX Font Info:    ... okay on input line 36.
LaTeX Font Info:    Try loading font information for OT1+ptm on input line 36.
 ("C:\Program Files\MiKTeX 2.9\tex\latex\psnfss\ot1ptm.fd"
File: ot1ptm.fd 2001/06/04 font definitions for OT1/ptm.
) ABD: EveryShipout initializing macros ("C:\Program Files\MiKTeX 2.9\tex\latex\graphics\color.sty"
Package: color 2016/07/10 v1.1e Standard LaTeX Color (DPC)
 ("C:\Program Files\MiKTeX 2.9\tex\latex\graphics-cfg\color.cfg"
File: color.cfg 2016/01/02 v1.6 sample color configuration
)
Package color Info: Driver file: pdftex.def on input line 147.
) (C:\Users\abhinav\AppData\Roaming\MiKTeX\2.9\tex\latex\eepic\epic.sty
Enhancements to Picture Environment. Version 1.2 - Released June 1, 1986
\@@multicnt=\count131
\d@lta=\count132
\@delta=\dimen129
\@@delta=\dimen130
\@gridcnt=\count133
\@joinkind=\count134
\@dotgap=\dimen131
\@ddotgap=\dimen132
\@x@diff=\count135
\@y@diff=\count136
\x@diff=\dimen133
\y@diff=\dimen134
\@dotbox=\box38
\num@segments=\count137
\num@segmentsi=\count138
\@datafile=\read1
) (C:\Users\abhinav\AppData\Roaming\MiKTeX\2.9\tex\context\base\supp-pdf.mkii
[Loading MPS to PDF converter (version 2006.09.02).]
\scratchcounter=\count139
\scratchdimen=\dimen135
\scratchbox=\box39
\nofMPsegments=\count140
\nofMParguments=\count141
\everyMPshowfont=\toks28
\MPscratchCnt=\count142
\MPscratchDim=\dimen136
\MPnumerator=\count143
\makeMPintoPDFobject=\count144
\everyMPtoPDFconversion=\toks29
) ("C:\Program Files\MiKTeX 2.9\tex\latex\oberdiek\epstopdf-base.sty"
Package: epstopdf-base 2016/05/15 v2.6 Base part for package epstopdf
 ("C:\Program Files\MiKTeX 2.9\tex\latex\oberdiek\grfext.sty"
Package: grfext 2016/05/16 v1.2 Manage graphics extensions (HO)
)
Package epstopdf-base Info: Redefining graphics rule for `.eps' on input line 438.
Package grfext Info: Graphics extension search list:
(grfext)             [.pdf,.png,.jpg,.mps,.jpeg,.jbig2,.jb2,.PDF,.PNG,.JPG,.JPEG,.JBIG2,.JB2,.eps]
(grfext)             \AppendGraphicsExtensions on input line 456.
)
\AtBeginShipoutBox=\box40
Package atbegshi Info: Package `everyshi' patched.
Package hyperref Info: Link coloring ON on input line 36.
 ("C:\Program Files\MiKTeX 2.9\tex\latex\hyperref\nameref.sty"
Package: nameref 2016/05/21 v2.44 Cross-referencing by name of section
 ("C:\Program Files\MiKTeX 2.9\tex\generic\oberdiek\gettitlestring.sty"
Package: gettitlestring 2016/05/16 v1.5 Cleanup title references (HO)
)
\c@section@level=\count145
)
LaTeX Info: Redefining \ref on input line 36.
LaTeX Info: Redefining \pageref on input line 36.
LaTeX Info: Redefining \nameref on input line 36.
LaTeX Font Info:    Font shape `OT1/ptm/bx/n' in size <14.4> not available
(Font)              Font shape `OT1/ptm/b/n' tried instead on input line 60.
LaTeX Font Info:    Try loading font information for U+msa on input line 60.
 ("C:\Program Files\MiKTeX 2.9\tex\latex\amsfonts\umsa.fd"
File: umsa.fd 2013/01/14 v3.01 AMS symbols A
)
LaTeX Font Info:    Try loading font information for U+msb on input line 60.
 ("C:\Program Files\MiKTeX 2.9\tex\latex\amsfonts\umsb.fd"
File: umsb.fd 2013/01/14 v3.01 AMS symbols B
)
LaTeX Font Info:    Font shape `OT1/ptm/bx/n' in size <12> not available
(Font)              Font shape `OT1/ptm/b/n' tried instead on input line 62.
<samplerecord.png, id=4, 672.5125pt x 160.6pt>
File: samplerecord.png Graphic file (type png)
<use samplerecord.png>
Package pdftex.def Info: samplerecord.png  used on input line 124.
(pdftex.def)             Requested size: 496.85625pt x 118.65343pt.
LaTeX Font Info:    Font shape `OT1/ptm/bx/n' in size <10> not available
(Font)              Font shape `OT1/ptm/b/n' tried instead on input line 128.
LaTeX Font Info:    Try loading font information for OT1+phv on input line 128.
 ("C:\Program Files\MiKTeX 2.9\tex\latex\psnfss\ot1phv.fd"
File: ot1phv.fd 2001/06/04 scalable font definitions for OT1/phv.
) [1{C:/Users/abhinav/AppData/Local/MiKTeX/2.9/pdftex/config/pdftex.map}


]
Overfull \hbox (12.41338pt too wide) in paragraph at lines 216--216
[][][]\OT1/ptm/m/n/8 https://github.com/ialhashim/DenseDepth/blob/master/DenseDepth.ipynb| 
 []

[2]
<bgimages.jpg, id=71, 633.86812pt x 60.225pt>
File: bgimages.jpg Graphic file (type jpg)
<use bgimages.jpg>
Package pdftex.def Info: bgimages.jpg  used on input line 234.
(pdftex.def)             Requested size: 397.48651pt x 37.76642pt.
<fgimages.jpg, id=72, 636.12656pt x 60.225pt>
File: fgimages.jpg Graphic file (type jpg)
<use fgimages.jpg>
Package pdftex.def Info: fgimages.jpg  used on input line 237.
(pdftex.def)             Requested size: 397.48651pt x 37.63133pt.
LaTeX Font Info:    Try loading font information for OT1+pcr on input line 266.
 ("C:\Program Files\MiKTeX 2.9\tex\latex\psnfss\ot1pcr.fd"
File: ot1pcr.fd 2001/06/04 font definitions for OT1/pcr.
) [3 <h:/DataScience/modes/TextAugmentation/DepthPrediction/samplerecord.png (PNG copy)>]
<overlay.jpg, id=92, 634.62094pt x 60.97781pt>
File: overlay.jpg Graphic file (type jpg)
<use overlay.jpg>
Package pdftex.def Info: overlay.jpg  used on input line 293.
(pdftex.def)             Requested size: 397.48651pt x 38.19383pt.
<overlaymask.jpg, id=93, 633.86812pt x 57.21375pt>
File: overlaymask.jpg Graphic file (type jpg)
<use overlaymask.jpg>
Package pdftex.def Info: overlaymask.jpg  used on input line 296.
(pdftex.def)             Requested size: 397.48651pt x 35.8781pt.
<overlaydepth.jpg, id=94, 628.59843pt x 59.47218pt>
File: overlaydepth.jpg Graphic file (type jpg)
<use overlaydepth.jpg>
Package pdftex.def Info: overlaydepth.jpg  used on input line 299.
(pdftex.def)             Requested size: 397.48651pt x 37.6065pt.
<networkarchitecture.jpg, id=101, 609.77812pt x 487.8225pt>
File: networkarchitecture.jpg Graphic file (type jpg)
<use networkarchitecture.jpg>
Package pdftex.def Info: networkarchitecture.jpg  used on input line 365.
(pdftex.def)             Requested size: 397.48651pt x 317.99641pt.
 [4 <h:/DataScience/modes/TextAugmentation/DepthPrediction/bgimages.jpg> <h:/DataScience/modes/TextAugmentation/DepthPrediction/fgimages.jpg>] [5 <h:/DataScience/modes/TextAugmentation/DepthPrediction/overlay.jpg> <h:/DataScience/modes/TextAugmentation/DepthPrediction/overlaymask.jpg> <h:/DataScience/modes/TextAugmentation/DepthPrediction/overlaydepth.jpg> <h:/DataScience/modes/TextAugmentation/DepthPrediction/networkarchitecture.jpg>] (h:/DataScience\modes\TextAugmentation\DepthPrediction\depthpredict.bbl (h:/DataScience\modes\TextAugmentation\DepthPrediction\depthpredict.brf)
\tf@brf=\write3
\openout3 = `depthpredict.brf'.

)
Package atveryend Info: Empty hook `BeforeClearDocument' on input line 414.
 [6]
Package atveryend Info: Empty hook `AfterLastShipout' on input line 414.
 (h:/DataScience\modes\TextAugmentation\DepthPrediction\depthpredict.aux)
Package atveryend Info: Executing hook `AtVeryEndDocument' on input line 414.
Package atveryend Info: Executing hook `AtEndAfterFileList' on input line 414.
Package rerunfilecheck Info: File `depthpredict.brf' has not changed.
(rerunfilecheck)             Checksum: 05D2450554E6DF3768D737D525A4DDAC;1369.
 ) 
Here is how much of TeX's memory you used:
 8149 strings out of 492970
 118952 string characters out of 3135848
 235975 words of memory out of 3000000
 11821 multiletter control sequences out of 15000+200000
 36780 words of font info for 75 fonts, out of 3000000 for 9000
 1141 hyphenation exceptions out of 8191
 37i,15n,28p,832b,466s stack positions out of 5000i,500n,10000p,200000b,50000s
{C:/Program Files/MiKTeX 2.9/fonts/enc/dvips/base/8r.enc}<C:/Program Files/MiKTeX 2.9/fonts/type1/public/amsfonts/cm/cmex10.pfb><C:/Program Files/MiKTeX 2.9/fonts/type1/public/amsfonts/cm/cmmi10.pfb><C:/Program Files/MiKTeX 2.9/fonts/type1/public/amsfonts/cm/cmmi7.pfb><C:/Program Files/MiKTeX 2.9/fonts/type1/public/amsfonts/cm/cmr10.pfb><C:/Program Files/MiKTeX 2.9/fonts/type1/public/amsfonts/cm/cmr7.pfb><C:/Program Files/MiKTeX 2.9/fonts/type1/public/amsfonts/cm/cmsy10.pfb><C:/Program Files/MiKTeX 2.9/fonts/type1/urw/courier/ucrr8a.pfb><C:/Program Files/MiKTeX 2.9/fonts/type1/urw/helvetic/uhvb8a.pfb><C:/Program Files/MiKTeX 2.9/fonts/type1/urw/helvetic/uhvr8a.pfb><C:/Program Files/MiKTeX 2.9/fonts/type1/urw/times/utmb8a.pfb><C:/Program Files/MiKTeX 2.9/fonts/type1/urw/times/utmr8a.pfb><C:/Program Files/MiKTeX 2.9/fonts/type1/urw/times/utmri8a.pfb>
Output written on h:/DataScience\modes\TextAugmentation\DepthPrediction\depthpredict.pdf (6 pages, 457312 bytes).
PDF statistics:
 217 PDF objects out of 1000 (max. 8388607)
 69 named destinations out of 1000 (max. 500000)
 36 words of extra memory for PDF output out of 10000 (max. 10000000)

